\BOOKMARK [0][-]{table.caption.1}{\376\377\000H\000A\000L\000A\000M\000A\000N\000\040\000P\000E\000N\000G\000E\000S\000A\000H\000A\000N}{}% 1
\BOOKMARK [0][-]{table.caption.2}{\376\377\000B\000U\000K\000T\000I\000\040\000B\000E\000B\000A\000S\000\040\000P\000L\000A\000G\000I\000A\000S\000I}{}% 2
\BOOKMARK [0][-]{section*.4}{\376\377\000D\000a\000f\000t\000a\000r\000\040\000I\000s\000i}{}% 3
\BOOKMARK [0][-]{section*.6}{\376\377\000D\000a\000f\000t\000a\000r\000\040\000G\000a\000m\000b\000a\000r}{}% 4
\BOOKMARK [0][-]{section*.8}{\376\377\000D\000a\000f\000t\000a\000r\000\040\000T\000a\000b\000e\000l}{}% 5
\BOOKMARK [0][-]{section*.8}{\376\377\000C\000A\000T\000A\000T\000A\000N\000\040\000R\000E\000V\000I\000S\000I\000\040\000D\000O\000K\000U\000M\000E\000N}{}% 6
\BOOKMARK [0][-]{table.0.1}{\376\377\000I\000N\000T\000I\000S\000A\000R\000I}{}% 7
\BOOKMARK [0][-]{chapter.1}{\376\377\000P\000e\000n\000g\000a\000n\000t\000a\000r}{}% 8
\BOOKMARK [1][-]{section.1.1}{\376\377\000U\000j\000i\000a\000n\000\040\000D\000o\000k\000u\000m\000e\000n\000\040\000C\000-\0002\0005\0001}{chapter.1}% 9
\BOOKMARK [1][-]{section.1.2}{\376\377\000I\000n\000f\000o\000r\000m\000a\000s\000i\000\040\000S\000i\000n\000g\000k\000a\000t\000\040\000M\000e\000n\000g\000e\000n\000a\000i\000\040\000T\000e\000m\000p\000l\000a\000t\000e\000\040\000D\000o\000k\000u\000m\000e\000n\000\040\000C\000-\0002\0005\0001}{chapter.1}% 10
\BOOKMARK [2][-]{subsection.1.2.1}{\376\377\000S\000u\000s\000u\000n\000a\000n\000\040\000D\000i\000r\000e\000c\000t\000o\000r\000y}{section.1.2}% 11
\BOOKMARK [2][-]{subsection.1.2.2}{\376\377\000P\000e\000n\000g\000i\000s\000i\000a\000n\000\040\000D\000a\000t\000a\000\040\000M\000e\000n\000g\000e\000n\000a\000i\000\040\000D\000o\000k\000u\000m\000e\000n\000\040\000C\000-\0002\0005\0001}{section.1.2}% 12
\BOOKMARK [2][-]{subsection.1.2.3}{\376\377\000M\000e\000l\000a\000m\000p\000i\000r\000k\000a\000n\000\040\000B\000u\000k\000t\000i\000\040\000B\000e\000b\000a\000s\000\040\000P\000l\000a\000g\000i\000a\000s\000i}{section.1.2}% 13
\BOOKMARK [2][-]{subsection.1.2.4}{\376\377\000M\000e\000n\000u\000l\000i\000s\000k\000a\000n\000\040\000C\000a\000t\000a\000t\000a\000n\000\040\000R\000e\000v\000i\000s\000i\000\040\000D\000o\000k\000u\000m\000e\000n}{section.1.2}% 14
\BOOKMARK [1][-]{section.1.3}{\376\377\000C\000o\000n\000t\000o\000h\000\040\000P\000e\000n\000u\000l\000i\000s\000a\000n\000\040\000D\000o\000k\000u\000m\000e\000n\000\040\000M\000e\000n\000g\000g\000u\000n\000a\000k\000a\000n\000\040\000L\000a\000T\000e\000X}{chapter.1}% 15
\BOOKMARK [2][-]{subsection.1.3.1}{\376\377\000P\000e\000r\000s\000a\000m\000a\000a\000n\000\040\000M\000a\000t\000e\000m\000a\000t\000i\000s}{section.1.3}% 16
\BOOKMARK [2][-]{subsection.1.3.2}{\376\377\000G\000a\000m\000b\000a\000r\000\040\000d\000a\000n\000\040\000T\000a\000b\000e\000l}{section.1.3}% 17
\BOOKMARK [2][-]{subsection.1.3.3}{\376\377\000S\000i\000t\000a\000s\000i}{section.1.3}% 18
\BOOKMARK [2][-]{subsection.1.3.4}{\376\377\000A\000l\000g\000o\000r\000i\000t\000m\000e}{section.1.3}% 19
\BOOKMARK [0][-]{chapter.2}{\376\377\000D\000a\000s\000a\000r\000\040\000T\000e\000o\000r\000i\000\040\000P\000e\000n\000d\000u\000k\000u\000n\000g}{}% 20
\BOOKMARK [1][-]{section.2.1}{\376\377\000I\000n\000t\000e\000p\000r\000e\000t\000a\000s\000i\000\040\000G\000e\000o\000m\000e\000t\000r\000i\000s\000\040\000d\000a\000r\000i\000\040\000E\000i\000g\000e\000n\000v\000a\000l\000u\000e\000s\000\040\000d\000a\000n\000\040\000E\000i\000g\000e\000n\000v\000e\000c\000t\000o\000r\000s}{chapter.2}% 21
\BOOKMARK [0][-]{chapter.3}{\376\377\000A\000n\000a\000l\000i\000s\000i\000s\000\040\000S\000t\000u\000d\000i\000\040\000P\000u\000s\000t\000a\000k\000a\000\040\000K\000u\000n\000c\000i}{}% 22
\BOOKMARK [1][-]{section.3.1}{\376\377\000M\000e\000t\000o\000d\000e\000\040\0001}{chapter.3}% 23
\BOOKMARK [1][-]{section.3.2}{\376\377\000M\000e\000t\000o\000d\000e\000\040\0002}{chapter.3}% 24
\BOOKMARK [2][-]{subsection.3.2.1}{\376\377\000S\000u\000b\000-\000M\000e\000t\000o\000d\000e\000\040\0002}{section.3.2}% 25
\BOOKMARK [1][-]{section.3.3}{\376\377\000M\000e\000t\000o\000d\000e\000\040\0003}{chapter.3}% 26
\BOOKMARK [2][-]{subsection.3.3.1}{\376\377\000S\000u\000b\000-\000M\000e\000t\000o\000d\000e\000\040\0003\000A}{section.3.3}% 27
\BOOKMARK [2][-]{subsection.3.3.2}{\376\377\000S\000u\000b\000-\000M\000e\000t\000o\000d\000e\000\040\0003\000B}{section.3.3}% 28
\BOOKMARK [0][-]{chapter.4}{\376\377\000P\000e\000m\000o\000d\000e\000l\000a\000n\000\040\000P\000e\000r\000m\000a\000s\000a\000l\000a\000h\000a\000n}{}% 29
\BOOKMARK [0][-]{chapter.5}{\376\377\000P\000e\000m\000i\000l\000i\000h\000a\000n\000\040\000d\000a\000n\000\040\000P\000e\000n\000g\000e\000m\000b\000a\000n\000g\000a\000n\000\040\000M\000e\000t\000o\000d\000e}{}% 30
\BOOKMARK [0][-]{chapter.6}{\376\377\000L\000u\000a\000r\000a\000n\000\040\000d\000a\000n\000\040\000S\000p\000e\000s\000i\000f\000i\000k\000a\000s\000i\000\040\000y\000a\000n\000g\000\040\000D\000i\000u\000s\000u\000l\000k\000a\000n}{}% 31
\BOOKMARK [1][-]{section.6.1}{\376\377\000L\000u\000a\000r\000a\000n\000\040\000y\000a\000n\000g\000\040\000D\000i\000j\000a\000n\000j\000i\000k\000a\000n}{chapter.6}% 32
\BOOKMARK [1][-]{section.6.2}{\376\377\000S\000p\000e\000s\000i\000f\000i\000k\000a\000s\000i\000\040\000L\000u\000a\000r\000a\000n}{chapter.6}% 33
\BOOKMARK [0][-]{chapter.7}{\376\377\000B\000a\000t\000a\000s\000a\000n\000\040\000P\000e\000r\000m\000a\000s\000a\000l\000a\000h\000a\000n}{}% 34
\BOOKMARK [0][-]{chapter.8}{\376\377\000P\000e\000r\000a\000n\000c\000a\000n\000g\000a\000n\000\040\000U\000m\000u\000m\000\040\000S\000i\000s\000t\000e\000m}{}% 35
\BOOKMARK [1][-]{section.8.1}{\376\377\000P\000e\000n\000y\000a\000j\000i\000a\000n\000\040\000F\000l\000o\000w\000c\000h\000a\000r\000t}{chapter.8}% 36
\BOOKMARK [0][-]{chapter.9}{\376\377\000R\000e\000n\000c\000a\000n\000a\000\040\000A\000n\000g\000g\000a\000r\000a\000n\000\040\000d\000a\000n\000\040\000J\000a\000d\000w\000a\000l\000\040\000K\000e\000g\000i\000a\000t\000a\000n}{}% 37
\BOOKMARK [1][-]{section.9.1}{\376\377\000R\000e\000n\000c\000a\000n\000a\000\040\000A\000n\000g\000g\000a\000r\000a\000n\000\040\000P\000e\000l\000a\000k\000s\000a\000n\000a\000a\000n\000\040\000C\000a\000p\000s\000t\000o\000n\000e}{chapter.9}% 38
\BOOKMARK [1][-]{section.9.2}{\376\377\000J\000a\000d\000w\000a\000l\000\040\000P\000e\000l\000a\000k\000s\000a\000n\000a\000a\000n\000\040\000K\000e\000g\000i\000a\000t\000a\000n\000\040\000C\000a\000p\000s\000t\000o\000n\000e}{chapter.9}% 39
\BOOKMARK [0][-]{chapter.10}{\376\377\000S\000i\000m\000u\000l\000a\000s\000i\000\040\000P\000e\000n\000d\000a\000h\000u\000l\000u\000a\000n}{}% 40
\BOOKMARK [0][-]{chapter.11}{\376\377\000K\000e\000s\000i\000m\000p\000u\000l\000a\000n}{}% 41
\BOOKMARK [0][-]{chapter*.12}{\376\377\000R\000E\000F\000E\000R\000E\000N\000S\000I}{}% 42
